#
# There is insufficient memory for the Java Runtime Environment to continue.
# Native memory allocation (mmap) failed to map 266338304 bytes for G1 virtual space
# Possible reasons:
#   The system is out of physical RAM or swap space
#   The process is running with CompressedOops enabled, and the Java Heap may be blocking the growth of the native heap
# Possible solutions:
#   Reduce memory load on the system
#   Increase physical memory or swap space
#   Check if swap backing store is full
#   Decrease Java heap size (-Xmx/-Xms)
#   Decrease number of Java threads
#   Decrease Java thread stack sizes (-Xss)
#   Set larger code cache with -XX:ReservedCodeCacheSize=
#   JVM is running with Zero Based Compressed Oops mode in which the Java heap is
#     placed in the first 32GB address space. The Java Heap base address is the
#     maximum limit for the native heap growth. Please use -XX:HeapBaseMinAddress
#     to set the Java Heap base and to place the Java Heap above 32GB virtual address.
# This output file may be truncated or incomplete.
#
#  Out of Memory Error (os_windows.cpp:3600), pid=33316, tid=16816
#
# JRE version:  (21.0.1+12) (build )
# Java VM: Java HotSpot(TM) 64-Bit Server VM (21.0.1+12-LTS-29, mixed mode, sharing, tiered, compressed oops, compressed class ptrs, g1 gc, windows-amd64)
# No core dump will be written. Minidumps are not enabled by default on client versions of Windows
#

---------------  S U M M A R Y ------------

Command Line: --enable-preview -XX:+ShowCodeDetailsInExceptionMessages App

Host: Intel(R) Core(TM) i7-9750H CPU @ 2.60GHz, 12 cores, 15G,  Windows 11 , 64 bit Build 22621 (10.0.22621.2506)
Time: Fri Jan 19 19:47:05 2024 E. South America Standard Time elapsed time: 0.017456 seconds (0d 0h 0m 0s)

---------------  T H R E A D  ---------------

Current thread (0x00000263cc7c9dd0):  JavaThread "Unknown thread" [_thread_in_vm, id=16816, stack(0x000000a9fc100000,0x000000a9fc200000) (1024K)]

Stack: [0x000000a9fc100000,0x000000a9fc200000]
Native frames: (J=compiled Java code, j=interpreted, Vv=VM code, C=native code)
V  [jvm.dll+0x6c9029]
V  [jvm.dll+0x854b81]
V  [jvm.dll+0x856e5e]
V  [jvm.dll+0x857543]
V  [jvm.dll+0x280c06]
V  [jvm.dll+0x6c5715]
V  [jvm.dll+0x6ba10a]
V  [jvm.dll+0x3557ea]
V  [jvm.dll+0x35d436]
V  [jvm.dll+0x3ae1be]
V  [jvm.dll+0x3ae468]
V  [jvm.dll+0x3291fc]
V  [jvm.dll+0x329d8b]
V  [jvm.dll+0x81d179]
V  [jvm.dll+0x3bb4f1]
V  [jvm.dll+0x805ae8]
V  [jvm.dll+0x44effe]
V  [jvm.dll+0x450901]
C  [jli.dll+0x52a3]
C  [ucrtbase.dll+0x29363]
C  [KERNEL32.DLL+0x1257d]
C  [ntdll.dll+0x5aa58]


---------------  P R O C E S S  ---------------

Threads class SMR info:
_java_thread_list=0x00007ffcbbe19b88, length=0, elements={
}

Java Threads: ( => current thread )
Total: 0

Other Threads:
  0x00000263ce95dfe0 WorkerThread "GC Thread#0"                     [id=23652, stack(0x000000a9fc200000,0x000000a9fc300000) (1024K)]
  0x00000263ce96ee30 ConcurrentGCThread "G1 Main Marker"            [id=17696, stack(0x000000a9fc300000,0x000000a9fc400000) (1024K)]
  0x00000263ce970ce0 WorkerThread "G1 Conc#0"                       [id=4952, stack(0x000000a9fc400000,0x000000a9fc500000) (1024K)]

[error occurred during error reporting (printing all threads), id 0xc0000005, EXCEPTION_ACCESS_VIOLATION (0xc0000005) at pc=0x00007ffcbb58c2c7]
VM state: not at safepoint (not fully initialized)

VM Mutex/Monitor currently owned by a thread:  ([mutex/lock_event])
[0x00007ffcbbe8a6f8] Heap_lock - owner thread: 0x00000263cc7c9dd0

Heap address: 0x0000000703400000, size: 4044 MB, Compressed Oops mode: Zero based, Oop shift amount: 3

CDS archive(s) mapped at: [0x0000000000000000-0x0000000000000000-0x0000000000000000), size 0, SharedBaseAddress: 0x0000000800000000, ArchiveRelocationMode: 1.
Narrow klass base: 0x0000000000000000, Narrow klass shift: 0, Narrow klass range: 0x0

GC Precious Log:
 CardTable entry size: 512
 Card Set container configuration: InlinePtr #cards 4 size 8 Array Of Cards #cards 16 size 48 Howl #buckets 8 coarsen threshold 3686 Howl Bitmap #cards 512 size 80 coarsen threshold 460 Card regions per heap region 1 cards per card region 4096

Heap:
 garbage-first heap   total 0K, used 0K [0x0000000703400000, 0x0000000800000000)
  region size 2048K, 0 young (0K), 0 survivors (0K)

[error occurred during error reporting (printing heap information), id 0xc0000005, EXCEPTION_ACCESS_VIOLATION (0xc0000005) at pc=0x00007ffcbb971be9]
GC Heap History (0 events):
No events

Dll operation events (1 events):
Event: 0.011 Loaded shared library C:\Program Files\Java\jdk-21\bin\java.dll

Deoptimization events (0 events):
No events

Classes loaded (0 events):
No events

Classes unloaded (0 events):
No events

Classes redefined (0 events):
No events

Internal exceptions (0 events):
No events

ZGC Phase Switch (0 events):
No events

VM Operations (0 events):
No events

Events (0 events):
No events


Dynamic libraries:
0x00007ff65f440000 - 0x00007ff65f450000 	C:\Program Files\Java\jdk-21\bin\java.exe
0x00007ffd1cdd0000 - 0x00007ffd1cfe7000 	C:\WINDOWS\SYSTEM32\ntdll.dll
0x00007ffd1b3b0000 - 0x00007ffd1b474000 	C:\WINDOWS\System32\KERNEL32.DLL
0x00007ffd1a480000 - 0x00007ffd1a826000 	C:\WINDOWS\System32\KERNELBASE.dll
0x00007ffd1a8f0000 - 0x00007ffd1aa01000 	C:\WINDOWS\System32\ucrtbase.dll
0x00007ffd13e20000 - 0x00007ffd13e39000 	C:\Program Files\Java\jdk-21\bin\jli.dll
0x00007ffd10200000 - 0x00007ffd1021b000 	C:\Program Files\Java\jdk-21\bin\VCRUNTIME140.dll
0x00007ffd1c020000 - 0x00007ffd1c0d3000 	C:\WINDOWS\System32\ADVAPI32.dll
0x00007ffd1cce0000 - 0x00007ffd1cd87000 	C:\WINDOWS\System32\msvcrt.dll
0x00007ffd1b300000 - 0x00007ffd1b3a8000 	C:\WINDOWS\System32\sechost.dll
0x00007ffd1a1c0000 - 0x00007ffd1a1e8000 	C:\WINDOWS\System32\bcrypt.dll
0x00007ffd1b480000 - 0x00007ffd1b597000 	C:\WINDOWS\System32\RPCRT4.dll
0x00007ffd1be50000 - 0x00007ffd1bffe000 	C:\WINDOWS\System32\USER32.dll
0x00007ffd1a110000 - 0x00007ffd1a136000 	C:\WINDOWS\System32\win32u.dll
0x00007ffcfac60000 - 0x00007ffcfaef3000 	C:\WINDOWS\WinSxS\amd64_microsoft.windows.common-controls_6595b64144ccf1df_6.0.22621.2506_none_270c5ae97388e100\COMCTL32.dll
0x00007ffd1b0d0000 - 0x00007ffd1b0f9000 	C:\WINDOWS\System32\GDI32.dll
0x00007ffd1a1f0000 - 0x00007ffd1a308000 	C:\WINDOWS\System32\gdi32full.dll
0x00007ffd1aa10000 - 0x00007ffd1aaaa000 	C:\WINDOWS\System32\msvcp_win.dll
0x00007ffd11130000 - 0x00007ffd1113a000 	C:\WINDOWS\SYSTEM32\VERSION.dll
0x00007ffd1b2b0000 - 0x00007ffd1b2e1000 	C:\WINDOWS\System32\IMM32.DLL
0x00007ffd16f50000 - 0x00007ffd16f5c000 	C:\Program Files\Java\jdk-21\bin\vcruntime140_1.dll
0x00007ffcf05d0000 - 0x00007ffcf065e000 	C:\Program Files\Java\jdk-21\bin\msvcp140.dll
0x00007ffcbb250000 - 0x00007ffcbbf65000 	C:\Program Files\Java\jdk-21\bin\server\jvm.dll
0x00007ffd1af20000 - 0x00007ffd1af91000 	C:\WINDOWS\System32\WS2_32.dll
0x00007ffd18f90000 - 0x00007ffd18fdd000 	C:\WINDOWS\SYSTEM32\POWRPROF.dll
0x00007ffd12c10000 - 0x00007ffd12c44000 	C:\WINDOWS\SYSTEM32\WINMM.dll
0x00007ffd18f70000 - 0x00007ffd18f83000 	C:\WINDOWS\SYSTEM32\UMPDC.dll
0x00007ffd19230000 - 0x00007ffd19248000 	C:\WINDOWS\SYSTEM32\kernel.appcore.dll
0x00007ffd16ee0000 - 0x00007ffd16eea000 	C:\Program Files\Java\jdk-21\bin\jimage.dll
0x00007ffd179b0000 - 0x00007ffd17be3000 	C:\WINDOWS\SYSTEM32\DBGHELP.DLL
0x00007ffd1bac0000 - 0x00007ffd1be49000 	C:\WINDOWS\System32\combase.dll
0x00007ffd1c0e0000 - 0x00007ffd1c1b7000 	C:\WINDOWS\System32\OLEAUT32.dll
0x00007ffd108c0000 - 0x00007ffd108f2000 	C:\WINDOWS\SYSTEM32\dbgcore.DLL
0x00007ffd1a140000 - 0x00007ffd1a1ba000 	C:\WINDOWS\System32\bcryptPrimitives.dll
0x00007ffd101e0000 - 0x00007ffd101ff000 	C:\Program Files\Java\jdk-21\bin\java.dll

dbghelp: loaded successfully - version: 4.0.5 - missing functions: none
symbol engine: initialized successfully - sym options: 0x614 - pdb path: .;C:\Program Files\Java\jdk-21\bin;C:\WINDOWS\SYSTEM32;C:\WINDOWS\WinSxS\amd64_microsoft.windows.common-controls_6595b64144ccf1df_6.0.22621.2506_none_270c5ae97388e100;C:\Program Files\Java\jdk-21\bin\server

VM Arguments:
jvm_args: --enable-preview -XX:+ShowCodeDetailsInExceptionMessages 
java_command: App
java_class_path (initial): C:\Users\lucas\Driven\java\Pirâmide\bin
Launcher Type: SUN_STANDARD

[Global flags]
     intx CICompilerCount                          = 4                                         {product} {ergonomic}
     uint ConcGCThreads                            = 3                                         {product} {ergonomic}
     uint G1ConcRefinementThreads                  = 10                                        {product} {ergonomic}
   size_t G1HeapRegionSize                         = 2097152                                   {product} {ergonomic}
    uintx GCDrainStackTargetSize                   = 64                                        {product} {ergonomic}
   size_t InitialHeapSize                          = 266338304                                 {product} {ergonomic}
   size_t MarkStackSize                            = 4194304                                   {product} {ergonomic}
   size_t MaxHeapSize                              = 4240441344                                {product} {ergonomic}
   size_t MinHeapDeltaBytes                        = 2097152                                   {product} {ergonomic}
   size_t MinHeapSize                              = 8388608                                   {product} {ergonomic}
    uintx NonNMethodCodeHeapSize                   = 5839372                                {pd product} {ergonomic}
    uintx NonProfiledCodeHeapSize                  = 122909434                              {pd product} {ergonomic}
    uintx ProfiledCodeHeapSize                     = 122909434                              {pd product} {ergonomic}
    uintx ReservedCodeCacheSize                    = 251658240                              {pd product} {ergonomic}
     bool SegmentedCodeCache                       = true                                      {product} {ergonomic}
     bool ShowCodeDetailsInExceptionMessages       = true                                   {manageable} {command line}
   size_t SoftMaxHeapSize                          = 4240441344                             {manageable} {ergonomic}
     bool UseCompressedOops                        = true                           {product lp64_product} {ergonomic}
     bool UseG1GC                                  = true                                      {product} {ergonomic}
     bool UseLargePagesIndividualAllocation        = false                                  {pd product} {ergonomic}

Logging:
Log output configuration:
 #0: stdout all=warning uptime,level,tags foldmultilines=false
 #1: stderr all=off uptime,level,tags foldmultilines=false

Environment Variables:
PATH=C:\Program Files (x86)\Common Files\Oracle\Java\javapath;C:\Program Files (x86)\NVIDIA Corporation\PhysX\Common;C:\WINDOWS\system32;C:\WINDOWS;C:\WINDOWS\System32\Wbem;C:\WINDOWS\System32\WindowsPowerShell\v1.0\;C:\WINDOWS\System32\OpenSSH\;C:\Program Files\Git\cmd;C:\Program Files\PuTTY\;C:\Program Files\Java\jdk-21\bin;C:\Users\lucas\AppData\Local\Programs\Python\Python311\Scripts\;C:\Users\lucas\AppData\Local\Programs\Python\Python311\;C:\Users\lucas\AppData\Local\Microsoft\WindowsApps;C:\Users\lucas\AppData\Local\Programs\Microsoft VS Code\bin;C:\msys64\ucrt64\bin;;;C:\webOS_TV_SDK\CLI\bin;C:\Users\lucas\AppData\Local\Programs\Python\Python311\Scripts\;C:\Users\lucas\AppData\Local\Programs\Python\Python311\;C:\Users\lucas\AppData\Local\Microsoft\WindowsApps;C:\Users\lucas\AppData\Local\Programs\Microsoft VS Code\bin;C:\msys64\ucrt64\bin;C:\webOS_TV_SDK\CLI\bin;
USERNAME=lucas
LANG=en_US.UTF-8
OS=Windows_NT
PROCESSOR_IDENTIFIER=Intel64 Family 6 Model 158 Stepping 10, GenuineIntel
TMP=C:\Users\lucas\AppData\Local\Temp
TEMP=C:\Users\lucas\AppData\Local\Temp




Periodic native trim disabled

---------------  S Y S T E M  ---------------

OS:
 Windows 11 , 64 bit Build 22621 (10.0.22621.2506)
OS uptime: 6 days 22:51 hours

CPU: total 12 (initial active 12) (6 cores per cpu, 2 threads per core) family 6 model 158 stepping 10 microcode 0xf4, cx8, cmov, fxsr, ht, mmx, 3dnowpref, sse, sse2, sse3, ssse3, sse4.1, sse4.2, popcnt, lzcnt, tsc, tscinvbit, avx, avx2, aes, erms, clmul, bmi1, bmi2, adx, fma, vzeroupper, clflush, clflushopt, rdtscp, f16c
Processor Information for all 12 processors :
  Max Mhz: 2592, Current Mhz: 2592, Mhz Limit: 2592

Memory: 4k page, system-wide physical 16173M (580M free)
TotalPageFile size 65325M (AvailPageFile size 136M)
current process WorkingSet (physical memory assigned to process): 11M, peak: 11M
current process commit charge ("private bytes"): 64M, peak: 318M

vm_info: Java HotSpot(TM) 64-Bit Server VM (21.0.1+12-LTS-29) for windows-amd64 JRE (21.0.1+12-LTS-29), built on 2023-10-05T13:27:09Z by "mach5one" with MS VC++ 17.1 (VS2022)

END.
